\BOOKMARK [1][-]{section.1}{\376\377\000E\000j\000e\000r\000c\000i\000c\000i\000o\000\040\0001\000\040\040\024\000\040\000R\000e\000e\000n\000t\000r\000a\000n\000t\000L\000o\000c\000k}{}% 1
\BOOKMARK [2][-]{subsection.1.1}{\376\377\000R\000e\000c\000u\000r\000s\000o\000s\000\040\000n\000o\000\040\000c\000o\000m\000p\000a\000r\000t\000i\000b\000l\000e\000s}{section.1}% 2
\BOOKMARK [2][-]{subsection.1.2}{\376\377\000C\000o\000n\000d\000i\000c\000i\000o\000n\000e\000s\000\040\000d\000e\000\040\000s\000i\000n\000c\000r\000o\000n\000i\000z\000a\000c\000i\000\363\000n}{section.1}% 3
\BOOKMARK [2][-]{subsection.1.3}{\376\377\000P\000s\000e\000u\000d\000o\000c\000\363\000d\000i\000g\000o\000\040\000c\000o\000m\000e\000n\000t\000a\000d\000o}{section.1}% 4
\BOOKMARK [2][-]{subsection.1.4}{\376\377\000C\000u\000e\000s\000t\000i\000o\000n\000e\000s}{section.1}% 5
\BOOKMARK [2][-]{subsection.1.5}{\376\377\000C\000\363\000d\000i\000g\000o\000\040\000J\000a\000v\000a}{section.1}% 6
\BOOKMARK [1][-]{section.2}{\376\377\000E\000j\000e\000r\000c\000i\000c\000i\000o\000\040\0002\000\040\040\024\000\040\000S\000e\000m\000\341\000f\000o\000r\000o\000s}{}% 7
\BOOKMARK [2][-]{subsection.2.1}{\376\377\000R\000e\000c\000u\000r\000s\000o\000s\000\040\000n\000o\000\040\000c\000o\000m\000p\000a\000r\000t\000i\000b\000l\000e\000s}{section.2}% 8
\BOOKMARK [2][-]{subsection.2.2}{\376\377\000C\000o\000n\000d\000i\000c\000i\000o\000n\000e\000s\000\040\000d\000e\000\040\000s\000i\000n\000c\000r\000o\000n\000i\000z\000a\000c\000i\000\363\000n}{section.2}% 9
\BOOKMARK [2][-]{subsection.2.3}{\376\377\000P\000s\000e\000u\000d\000o\000c\000\363\000d\000i\000g\000o\000\040\000c\000o\000m\000e\000n\000t\000a\000d\000o}{section.2}% 10
\BOOKMARK [2][-]{subsection.2.4}{\376\377\000C\000u\000e\000s\000t\000i\000o\000n\000e\000s}{section.2}% 11
\BOOKMARK [2][-]{subsection.2.5}{\376\377\000C\000\363\000d\000i\000g\000o\000\040\000J\000a\000v\000a}{section.2}% 12
\BOOKMARK [1][-]{section.3}{\376\377\000E\000j\000e\000r\000c\000i\000c\000i\000o\000\040\0003\000\040\040\024\000\040\000M\000o\000n\000i\000t\000o\000r\000e\000s}{}% 13
\BOOKMARK [2][-]{subsection.3.1}{\376\377\000R\000e\000c\000u\000r\000s\000o\000s\000\040\000n\000o\000\040\000c\000o\000m\000p\000a\000r\000t\000i\000b\000l\000e\000s}{section.3}% 14
\BOOKMARK [2][-]{subsection.3.2}{\376\377\000C\000o\000n\000d\000i\000c\000i\000o\000n\000e\000s\000\040\000d\000e\000\040\000s\000i\000n\000c\000r\000o\000n\000i\000z\000a\000c\000i\000\363\000n}{section.3}% 15
\BOOKMARK [2][-]{subsection.3.3}{\376\377\000P\000s\000e\000u\000d\000o\000c\000\363\000d\000i\000g\000o\000\040\000c\000o\000m\000e\000n\000t\000a\000d\000o}{section.3}% 16
\BOOKMARK [2][-]{subsection.3.4}{\376\377\000C\000u\000e\000s\000t\000i\000o\000n\000e\000s}{section.3}% 17
\BOOKMARK [2][-]{subsection.3.5}{\376\377\000C\000\363\000d\000i\000g\000o\000\040\000J\000a\000v\000a}{section.3}% 18
\BOOKMARK [1][-]{section.4}{\376\377\000E\000j\000e\000r\000c\000i\000c\000i\000o\000\040\0004\000\040\040\024\000\040\000P\000a\000s\000o\000\040\000d\000e\000\040\000M\000e\000n\000s\000a\000j\000e\000s\000\040\000A\000s\000\355\000n\000c\000r\000o\000n\000o}{}% 19
\BOOKMARK [2][-]{subsection.4.1}{\376\377\000R\000e\000c\000u\000r\000s\000o\000s\000\040\000n\000o\000\040\000c\000o\000m\000p\000a\000r\000t\000i\000b\000l\000e\000s}{section.4}% 20
\BOOKMARK [2][-]{subsection.4.2}{\376\377\000C\000o\000n\000d\000i\000c\000i\000o\000n\000e\000s\000\040\000d\000e\000\040\000s\000i\000n\000c\000r\000o\000n\000i\000z\000a\000c\000i\000\363\000n}{section.4}% 21
\BOOKMARK [2][-]{subsection.4.3}{\376\377\000P\000s\000e\000u\000d\000o\000c\000\363\000d\000i\000g\000o\000\040\000c\000o\000m\000e\000n\000t\000a\000d\000o}{section.4}% 22
\BOOKMARK [2][-]{subsection.4.4}{\376\377\000C\000u\000e\000s\000t\000i\000o\000n\000e\000s}{section.4}% 23
\BOOKMARK [2][-]{subsection.4.5}{\376\377\000C\000\363\000d\000i\000g\000o\000\040\000J\000a\000v\000a}{section.4}% 24
